2026-04-02
- 45-Feels Like Texas
- 03 - Frosty the Snowman
- 00-Waltz Across Texas
- 11 - Santa Claus is Comin' to Town
- 05 - Merry Christmas from the Family
- 954-Pancho and Lefty
- 25-Texas Armadillo
2026-04-02
- 01 - Christmas for Cowboys
- 07 - Rockin' Around the Christmas Tree
- 915-Ripple
- 55-Way Over Yonder in the Minor Key
- 05 - Merry Xmas from the Family & Feliz Navidad Medley
- Fairy Tale of New York
- 08 - Have Yourself a Merry Little Christmas
2026-04-02
- 05-Angeline The Baker
- 950-In Heaven There Is No Beer
- 961-San Antonio Rose
- 15 - Winter Wonderland
- When It's Christmas Time in Texas
- 40-Old Home Place
- 955-Stuck in the Middle With You
